<?xml version="1.0" encoding="UTF-8"?>
<!-- Generated by org.testng.reporters.JUnitReportReporter -->
<testsuite hostname="DM-LT7" failures="0" tests="1" name="Academy.BrowserTest" time="10.548" errors="0" timestamp="2023-11-27T15:25:07 IST" skipped="0">
  <testcase classname="Academy.BrowserTest" name="getData" time="10.548"/>
  <system-out/>
</testsuite> <!-- Academy.BrowserTest -->
